<?xml version="1.0" encoding="UTF-8"?>
<testng-results skipped="0" failed="0" total="2" passed="2">
  <reporter-output>
  </reporter-output>
  <suite name="test suite" duration-ms="40" started-at="2019-03-20T09:24:47Z" finished-at="2019-03-20T09:24:48Z">
    <groups>
    </groups>
    <test name="maven test" duration-ms="40" started-at="2019-03-20T09:24:47Z" finished-at="2019-03-20T09:24:48Z">
      <class name="test.NewTest">
        <test-method status="PASS" signature="sum()[pri:0, instance:test.NewTest@1a407d53]" name="sum" duration-ms="25" started-at="2019-03-20T14:54:47Z" finished-at="2019-03-20T14:54:48Z">
          <reporter-output>
          </reporter-output>
        </test-method> <!-- sum -->
      </class> <!-- test.NewTest -->
      <class name="test.NewTest1">
        <test-method status="PASS" signature="sub()[pri:0, instance:test.NewTest1@3b81a1bc]" name="sub" duration-ms="0" started-at="2019-03-20T14:54:48Z" finished-at="2019-03-20T14:54:48Z">
          <reporter-output>
          </reporter-output>
        </test-method> <!-- sub -->
      </class> <!-- test.NewTest1 -->
    </test> <!-- maven test -->
  </suite> <!-- test suite -->
</testng-results>
