<?xml version="1.0" encoding="UTF-8"?>
<testng-results skipped="0" failed="0" ignored="0" total="2" passed="2">
  <reporter-output>
  </reporter-output>
  <suite name="test suite" duration-ms="65" started-at="2019-03-20T09:01:54Z" finished-at="2019-03-20T09:01:54Z">
    <groups>
    </groups>
    <test name="maven test" duration-ms="65" started-at="2019-03-20T09:01:54Z" finished-at="2019-03-20T09:01:54Z">
      <class name="test.NewTest">
        <test-method status="PASS" signature="sum()[pri:0, instance:test.NewTest@4c70fda8]" name="sum" duration-ms="22" started-at="2019-03-20T09:01:54Z" finished-at="2019-03-20T09:01:54Z">
          <reporter-output>
          </reporter-output>
        </test-method> <!-- sum -->
      </class> <!-- test.NewTest -->
      <class name="test.NewTest1">
        <test-method status="PASS" signature="sub()[pri:0, instance:test.NewTest1@224edc67]" name="sub" duration-ms="0" started-at="2019-03-20T09:01:54Z" finished-at="2019-03-20T09:01:54Z">
          <reporter-output>
          </reporter-output>
        </test-method> <!-- sub -->
      </class> <!-- test.NewTest1 -->
    </test> <!-- maven test -->
  </suite> <!-- test suite -->
</testng-results>
